
> server@1.0.0 dev
> nodemon src/server.ts

[33m[nodemon] 3.1.10[39m
[33m[nodemon] to restart at any time, enter `rs`[39m
[33m[nodemon] watching path(s): *.*[39m
[33m[nodemon] watching extensions: ts,json[39m
[32m[nodemon] starting `ts-node src/server.ts`[39m
========================================
Server running on http://localhost:3051
========================================
Endpoints:
  Webhook:     http://localhost:3051/webhook
  Alt Webhook: http://localhost:3051/api/answer
  Voice API:   http://localhost:3051/api/voice/*
  WebSocket:   ws://localhost:3051
----------------------------------------
PipeCat Configuration:
  API Key:     ✓ Configured
  Agent Name:  my-first-agent
  Webhook URL: https://6e014b39f518.ngrok-free.app/api/answer
========================================
New WebSocket connection
New WebSocket connection
Goodbye detected in transcription: goodbye
Full payload: {
  "transcription": "goodbye",
  "number": 42
}
Ending all active voice sessions after goodbye
WebSocket connection closed
WebSocket connection closed
New WebSocket connection
New WebSocket connection
WebSocket connection closed
WebSocket connection closed
